<?xml version="1.0" encoding="UTF-8"?>
<testng-results skipped="0" failed="0" total="2" passed="2">
  <reporter-output>
  </reporter-output>
  <suite name="Default suite" duration-ms="50" started-at="2017-07-15T13:23:55Z" finished-at="2017-07-15T13:23:55Z">
    <groups>
    </groups>
    <test name="Default test" duration-ms="50" started-at="2017-07-15T13:23:55Z" finished-at="2017-07-15T13:23:55Z">
      <class name="com.mahesh.MyTest">
        <test-method status="PASS" signature="beforeSuite()[pri:0, instance:com.mahesh.MyTest@1832929]" name="beforeSuite" is-config="true" duration-ms="15" started-at="2017-07-15T18:53:55Z" finished-at="2017-07-15T18:53:55Z">
          <reporter-output>
          </reporter-output>
        </test-method> <!-- beforeSuite -->
        <test-method status="PASS" signature="beforeTest()[pri:0, instance:com.mahesh.MyTest@1832929]" name="beforeTest" is-config="true" duration-ms="5" started-at="2017-07-15T18:53:55Z" finished-at="2017-07-15T18:53:55Z">
          <reporter-output>
          </reporter-output>
        </test-method> <!-- beforeTest -->
        <test-method status="PASS" signature="beforeClass()[pri:0, instance:com.mahesh.MyTest@1832929]" name="beforeClass" is-config="true" duration-ms="0" started-at="2017-07-15T18:53:55Z" finished-at="2017-07-15T18:53:55Z">
          <reporter-output>
          </reporter-output>
        </test-method> <!-- beforeClass -->
        <test-method status="PASS" signature="beforeMethod()[pri:0, instance:com.mahesh.MyTest@1832929]" name="beforeMethod" is-config="true" duration-ms="0" started-at="2017-07-15T18:53:55Z" finished-at="2017-07-15T18:53:55Z">
          <reporter-output>
          </reporter-output>
        </test-method> <!-- beforeMethod -->
        <test-method status="PASS" signature="TEST()[pri:1, instance:com.mahesh.MyTest@1832929]" name="TEST" duration-ms="10" started-at="2017-07-15T18:53:55Z" finished-at="2017-07-15T18:53:55Z">
          <reporter-output>
          </reporter-output>
        </test-method> <!-- TEST -->
        <test-method status="PASS" signature="afterMethod()[pri:0, instance:com.mahesh.MyTest@1832929]" name="afterMethod" is-config="true" duration-ms="0" started-at="2017-07-15T18:53:55Z" finished-at="2017-07-15T18:53:55Z">
          <reporter-output>
          </reporter-output>
        </test-method> <!-- afterMethod -->
        <test-method status="PASS" signature="test2()[pri:2, instance:com.mahesh.MyTest@1832929]" name="test2" duration-ms="5" started-at="2017-07-15T18:53:55Z" finished-at="2017-07-15T18:53:55Z">
          <reporter-output>
          </reporter-output>
        </test-method> <!-- test2 -->
        <test-method status="PASS" signature="beforeMethod()[pri:0, instance:com.mahesh.MyTest@1832929]" name="beforeMethod" is-config="true" duration-ms="0" started-at="2017-07-15T18:53:55Z" finished-at="2017-07-15T18:53:55Z">
          <reporter-output>
          </reporter-output>
        </test-method> <!-- beforeMethod -->
        <test-method status="PASS" signature="afterMethod()[pri:0, instance:com.mahesh.MyTest@1832929]" name="afterMethod" is-config="true" duration-ms="0" started-at="2017-07-15T18:53:55Z" finished-at="2017-07-15T18:53:55Z">
          <reporter-output>
          </reporter-output>
        </test-method> <!-- afterMethod -->
        <test-method status="PASS" signature="afterClass()[pri:0, instance:com.mahesh.MyTest@1832929]" name="afterClass" is-config="true" duration-ms="0" started-at="2017-07-15T18:53:55Z" finished-at="2017-07-15T18:53:55Z">
          <reporter-output>
          </reporter-output>
        </test-method> <!-- afterClass -->
        <test-method status="PASS" signature="afterTest()[pri:0, instance:com.mahesh.MyTest@1832929]" name="afterTest" is-config="true" duration-ms="0" started-at="2017-07-15T18:53:55Z" finished-at="2017-07-15T18:53:55Z">
          <reporter-output>
          </reporter-output>
        </test-method> <!-- afterTest -->
        <test-method status="PASS" signature="afterSuite()[pri:0, instance:com.mahesh.MyTest@1832929]" name="afterSuite" is-config="true" duration-ms="0" started-at="2017-07-15T18:53:55Z" finished-at="2017-07-15T18:53:55Z">
          <reporter-output>
          </reporter-output>
        </test-method> <!-- afterSuite -->
      </class> <!-- com.mahesh.MyTest -->
    </test> <!-- Default test -->
  </suite> <!-- Default suite -->
</testng-results>
