<?xml version="1.0" encoding="UTF-8"?>
<testng-results skipped="0" failed="0" total="1" passed="1">
  <reporter-output>
  </reporter-output>
  <suite name="Default suite" duration-ms="79" started-at="2017-07-21T13:49:42Z" finished-at="2017-07-21T13:49:42Z">
    <groups>
    </groups>
    <test name="Default test" duration-ms="79" started-at="2017-07-21T13:49:42Z" finished-at="2017-07-21T13:49:42Z">
      <class name="Demo.swap">
        <test-method status="PASS" signature="testcase1()[pri:0, instance:Demo.swap@166e5bd]" name="testcase1" duration-ms="31" started-at="2017-07-21T19:19:42Z" finished-at="2017-07-21T19:19:42Z">
          <reporter-output>
          </reporter-output>
        </test-method> <!-- testcase1 -->
      </class> <!-- Demo.swap -->
    </test> <!-- Default test -->
  </suite> <!-- Default suite -->
</testng-results>
